0 verbose cli C:\Program Files\nodejs\node.exe C:\Program Files\nodejs\node_modules\npm\bin\npm-cli.js
1 info using npm@9.5.1
2 info using node@v18.16.0
3 timing npm:load:whichnode Completed in 2ms
4 timing config:load:defaults Completed in 3ms
5 timing config:load:file:C:\Program Files\nodejs\node_modules\npm\npmrc Completed in 2ms
6 timing config:load:builtin Completed in 3ms
7 timing config:load:cli Completed in 2ms
8 timing config:load:env Completed in 0ms
9 timing config:load:file:E:\Micro-Frontend\vtexrepo\loopback-apis\.npmrc Completed in 1ms
10 timing config:load:project Completed in 12ms
11 timing config:load:file:C:\Users\Admin\.npmrc Completed in 0ms
12 timing config:load:user Completed in 0ms
13 timing config:load:file:C:\Users\Admin\AppData\Roaming\npm\etc\npmrc Completed in 1ms
14 timing config:load:global Completed in 1ms
15 timing config:load:setEnvs Completed in 1ms
16 timing config:load Completed in 23ms
17 timing npm:load:configload Completed in 23ms
18 timing npm:load:mkdirpcache Completed in 1ms
19 timing npm:load:mkdirplogs Completed in 0ms
20 verbose title npm run
21 verbose argv "run" "--cache" "clean"
22 timing npm:load:setTitle Completed in 2ms
23 timing config:load:flatten Completed in 4ms
24 timing npm:load:display Completed in 4ms
25 verbose logfile logs-max:10 dir:E:\Micro-Frontend\vtexrepo\loopback-apis\clean\_logs\2023-10-04T06_56_09_209Z-
26 verbose logfile E:\Micro-Frontend\vtexrepo\loopback-apis\clean\_logs\2023-10-04T06_56_09_209Z-debug-0.log
27 timing npm:load:logFile Completed in 17ms
28 timing npm:load:timers Completed in 0ms
29 timing npm:load:configScope Completed in 0ms
30 timing npm:load Completed in 50ms
31 silly logfile done cleaning log files
32 timing command:run Completed in 162ms
33 verbose exit 0
34 timing npm Completed in 234ms
35 info ok
